#
# A fatal error has been detected by the Java Runtime Environment:
#
#  SIGSEGV (0xb) at pc=0x00007f054f6c258b, pid=27656, tid=27677
#
# JRE version: OpenJDK Runtime Environment (10.0.2+13) (build 10.0.2+13-Ubuntu-1ubuntu0.18.04.2)
# Java VM: OpenJDK 64-Bit Server VM (10.0.2+13-Ubuntu-1ubuntu0.18.04.2, mixed mode, tiered, compressed oops, g1 gc, linux-amd64)
# Problematic frame:
# V  [libjvm.so+0x87b58b]
#
# Core dump will be written. Default location: Core dumps may be processed with "/usr/share/apport/apport %p %s %c %d %P" (or dumping to /home/hie-blockchain/bft-smart/hie1/library/core.27656)
#
# If you would like to submit a bug report, please visit:
#   http://bugreport.java.com/bugreport/crash.jsp
#

---------------  S U M M A R Y ------------

Command Line: 

Host: Intel(R) Core(TM) i7-8550U CPU @ 1.80GHz, 3 cores, 3G, Ubuntu 18.04.1 LTS
Time: Mon Oct 15 14:48:19 2018 EDT elapsed time: 1340 seconds (0d 0h 22m 20s)

---------------  T H R E A D  ---------------

Current thread (0x0000564f79788000):  JavaThread "nioEventLoopGroup-2-1" [_thread_in_vm, id=27677, stack(0x00007f050db8e000,0x00007f050dc8f000)]

Stack: [0x00007f050db8e000,0x00007f050dc8f000],  sp=0x00007f050dc8a8d0,  free space=1010k
Native frames: (J=compiled Java code, A=aot compiled Java code, j=interpreted, Vv=VM code, C=native code)
V  [libjvm.so+0x87b58b]
V  [libjvm.so+0x60c849]
V  [libjvm.so+0x604013]
V  [libjvm.so+0x605e17]
V  [libjvm.so+0x3d9169]
V  [libjvm.so+0x3dbe39]
V  [libjvm.so+0xc27dd2]
V  [libjvm.so+0x508216]
v  ~RuntimeStub::counter_overflow Runtime1 stub
J 903 c1 io.netty.channel.nio.NioEventLoop.pollTask()Ljava/lang/Runnable; (18 bytes) @ 0x00007f0535de9b73 [0x00007f0535de9460+0x0000000000000713]
J 911 c1 io.netty.util.concurrent.SingleThreadEventExecutor.runAllTasks(J)Z (96 bytes) @ 0x00007f0535deefac [0x00007f0535deee80+0x000000000000012c]
j  io.netty.channel.nio.NioEventLoop.run()V+148
j  io.netty.util.concurrent.SingleThreadEventExecutor$5.run()V+44
j  io.netty.util.concurrent.DefaultThreadFactory$DefaultRunnableDecorator.run()V+4
j  java.lang.Thread.run()V+11 java.base@10.0.2
v  ~StubRoutines::call_stub
V  [libjvm.so+0x83d38f]
V  [libjvm.so+0x83b8fd]
V  [libjvm.so+0x87dd8c]
V  [libjvm.so+0xcc55d3]
V  [libjvm.so+0xb33ca0]
C  [libpthread.so.0+0x76db]  start_thread+0xdb

Java frames: (J=compiled Java code, j=interpreted, Vv=VM code)
v  ~RuntimeStub::counter_overflow Runtime1 stub
J 903 c1 io.netty.channel.nio.NioEventLoop.pollTask()Ljava/lang/Runnable; (18 bytes) @ 0x00007f0535de9b73 [0x00007f0535de9460+0x0000000000000713]
J 911 c1 io.netty.util.concurrent.SingleThreadEventExecutor.runAllTasks(J)Z (96 bytes) @ 0x00007f0535deefac [0x00007f0535deee80+0x000000000000012c]
j  io.netty.channel.nio.NioEventLoop.run()V+148
j  io.netty.util.concurrent.SingleThreadEventExecutor$5.run()V+44
j  io.netty.util.concurrent.DefaultThreadFactory$DefaultRunnableDecorator.run()V+4
j  java.lang.Thread.run()V+11 java.base@10.0.2
v  ~StubRoutines::call_stub

siginfo: si_signo: 11 (SIGSEGV), si_code: 1 (SEGV_MAPERR), si_addr: 0x0000000000000009

Register to memory mapping:

RAX=0x0000564f79563260 is a global jni handle
RBX=0x0000564f78e80340 is a global jni handle
RCX=0x0000000000000020 is an unknown value
RDX=0x0000000000000001 is an unknown value
RSP=0x00007f050dc8a8d0 is pointing into the stack for thread: 0x0000564f79788000
RBP=0x00007f050dc8a920 is pointing into the stack for thread: 0x0000564f79788000
RSI=0x00000000c255a4a0 is an oop
jdk.internal.loader.ClassLoaders$AppClassLoader 
{0x00000000c255a4a0} - klass: 'jdk/internal/loader/ClassLoaders$AppClassLoader'
RDI=0x0000000000000020 is an unknown value
R8 =0x0000000000000004 is an unknown value
R9 =0x00007f050dc8bfe0 is pointing into the stack for thread: 0x0000564f79788000
R10=0x0000000000000000 is an unknown value
R11=0x0000000000000001 is an unknown value
R12=0x0000000000000009 is an unknown value
R13=0x0000564f792a61c0 is an unknown value
R14=0x0000564f79437730 is an unknown value
R15=
[error occurred during error reporting (printing register info), id 0xb]

Registers:
RAX=0x0000564f79563260, RBX=0x0000564f78e80340, RCX=0x0000000000000020, RDX=0x0000000000000001
RSP=0x00007f050dc8a8d0, RBP=0x00007f050dc8a920, RSI=0x00000000c255a4a0, RDI=0x0000000000000020
R8 =0x0000000000000004, R9 =0x00007f050dc8bfe0, R10=0x0000000000000000, R11=0x0000000000000001
R12=0x0000000000000009, R13=0x0000564f792a61c0, R14=0x0000564f79437730, R15=0x00000000ffffffff
RIP=0x00007f054f6c258b, EFLAGS=0x0000000000010206, CSGSFS=0x002b000000000033, ERR=0x0000000000000004
  TRAPNO=0x000000000000000e

Top of Stack: (sp=0x00007f050dc8a8d0)
0x00007f050dc8a8d0:   00007f050e33e340 00007f050dc8bf10
0x00007f050dc8a8e0:   0000564f792a6ac0 00007f054f44b02e
0x00007f050dc8a8f0:   0000000000000001 0000000000000004
0x00007f050dc8a900:   00007f050dc8bfe0 00007f054f2323c0 

Instructions: (pc=0x00007f054f6c258b)
0x00007f054f6c256b:   48 63 88 00 01 00 00 83 f9 1f 0f 8e dd 00 00 00
0x00007f054f6c257b:   4c 8b a3 20 01 00 00 4d 85 e4 0f 84 73 01 00 00
0x00007f054f6c258b:   49 8b 04 24 48 89 83 20 01 00 00 49 89 34 24 4c
0x00007f054f6c259b:   89 ef e8 6e 9d 27 00 48 83 c4 28 4c 89 e0 5b 41 


---------------  P R O C E S S  ---------------

Threads class SMR info:
_java_thread_list=0x00007f04dc001620, length=14, elements={
0x0000564f792a9800, 0x0000564f793c2000, 0x0000564f793c4000, 0x0000564f793d4800,
0x0000564f793d6800, 0x0000564f793d8800, 0x0000564f793da800, 0x0000564f79456800,
0x0000564f79489800, 0x0000564f79788000, 0x0000564f7978a000, 0x0000564f7978e800,
0x0000564f7978f800, 0x00007f04d8007800
}

Java Threads: ( => current thread )
  0x0000564f792a9800 JavaThread "main" [_thread_blocked, id=27656, stack(0x00007ffdcdf97000,0x00007ffdce097000)]
  0x0000564f793c2000 JavaThread "Reference Handler" daemon [_thread_blocked, id=27667, stack(0x00007f050f5fd000,0x00007f050f6fe000)]
  0x0000564f793c4000 JavaThread "Finalizer" daemon [_thread_blocked, id=27668, stack(0x00007f050f4fc000,0x00007f050f5fd000)]
  0x0000564f793d4800 JavaThread "Signal Dispatcher" daemon [_thread_blocked, id=27669, stack(0x00007f050f3fb000,0x00007f050f4fc000)]
  0x0000564f793d6800 JavaThread "C2 CompilerThread0" daemon [_thread_blocked, id=27670, stack(0x00007f050f2fa000,0x00007f050f3fb000)]
  0x0000564f793d8800 JavaThread "C1 CompilerThread1" daemon [_thread_blocked, id=27671, stack(0x00007f050f1f9000,0x00007f050f2fa000)]
  0x0000564f793da800 JavaThread "Sweeper thread" daemon [_thread_blocked, id=27672, stack(0x00007f050f0f8000,0x00007f050f1f9000)]
  0x0000564f79456800 JavaThread "Service Thread" daemon [_thread_blocked, id=27673, stack(0x00007f050eff7000,0x00007f050f0f8000)]
  0x0000564f79489800 JavaThread "Common-Cleaner" daemon [_thread_blocked, id=27676, stack(0x00007f050ecf3000,0x00007f050edf4000)]
=>0x0000564f79788000 JavaThread "nioEventLoopGroup-2-1" [_thread_in_vm, id=27677, stack(0x00007f050db8e000,0x00007f050dc8f000)]
  0x0000564f7978a000 JavaThread "nioEventLoopGroup-2-2" [_thread_in_native, id=27678, stack(0x00007f050da8d000,0x00007f050db8e000)]
  0x0000564f7978e800 JavaThread "nioEventLoopGroup-2-3" [_thread_in_native, id=27680, stack(0x00007f050d98c000,0x00007f050da8d000)]
  0x0000564f7978f800 JavaThread "nioEventLoopGroup-2-4" [_thread_in_native, id=27681, stack(0x00007f050d88b000,0x00007f050d98c000)]
  0x00007f04d8007800 JavaThread "threadDeathWatcher-3-1" daemon [_thread_blocked, id=27685, stack(0x00007f050d58a000,0x00007f050d68b000)]

Other Threads:
  0x0000564f793b6000 VMThread "VM Thread" [stack: 0x00007f050f700000,0x00007f050f800000] [id=27666]
  0x0000564f79458800 WatcherThread [stack: 0x00007f050eef7000,0x00007f050eff7000] [id=27674]
  0x0000564f792be000 GCTaskThread "GC Thread#0" [stack: 0x00007f0535402000,0x00007f0535502000] [id=27657]
  0x0000564f792bf800 GCTaskThread "GC Thread#1" [stack: 0x00007f0535300000,0x00007f0535400000] [id=27658]
  0x0000564f792c1000 GCTaskThread "GC Thread#2" [stack: 0x00007f05351fe000,0x00007f05352fe000] [id=27659]
  0x0000564f792f8800 ConcurrentGCThread "G1 Main Marker" [stack: 0x00007f05347f1000,0x00007f05348f1000] [id=27660]
  0x0000564f792fa800 ConcurrentGCThread "G1 Conc#0" [stack: 0x00007f05346ef000,0x00007f05347ef000] [id=27661]
  0x0000564f7932d000 ConcurrentGCThread "G1 Refine#0" [stack: 0x00007f05342ea000,0x00007f05343ea000] [id=27662]
  0x0000564f7932e800 ConcurrentGCThread "G1 Refine#1" [stack: 0x00007f05341e8000,0x00007f05342e8000] [id=27663]
  0x0000564f79330800 ConcurrentGCThread "G1 Refine#2" [stack: 0x00007f05340e6000,0x00007f05341e6000] [id=27664]
  0x0000564f79332000 ConcurrentGCThread "G1 Young RemSet Sampling" [stack: 0x00007f0524020000,0x00007f0524120000] [id=27665]

Threads with active compile tasks:

VM state:not at safepoint (normal execution)

VM Mutex/Monitor currently owned by a thread:  ([mutex/lock_event])
[0x0000564f792a61c0] JNIGlobalHandle_lock - owner thread: 0x0000564f79788000
[0x0000564f792a6ac0] MethodCompileQueue_lock - owner thread: 0x0000564f79788000

Heap address: 0x00000000c2400000, size: 988 MB, Compressed Oops mode: 32-bit
Narrow klass base: 0x0000000000000000, Narrow klass shift: 3
Compressed class space size: 1073741824 Address: 0x0000000100000000

Heap:
 garbage-first heap   total 63488K, used 3766K [0x00000000c2400000, 0x0000000100000000)
  region size 1024K, 3 young (3072K), 1 survivors (1024K)
 Metaspace       used 13988K, capacity 14235K, committed 14592K, reserved 1062912K
  class space    used 1403K, capacity 1485K, committed 1536K, reserved 1048576K
Heap Regions: E=young(eden), S=young(survivor), O=old, HS=humongous(starts), HC=humongous(continues), CS=collection set, F=free, A=archive, TS=gc time stamp, AC=allocation context, TAMS=top-at-mark-start (previous, next)
|   0|0x00000000c2400000, 0x00000000c2500000, 0x00000000c2500000|100%| O|  |TS  1|AC  0|TAMS 0x00000000c2400000, 0x00000000c2400000|
|   1|0x00000000c2500000, 0x00000000c2600000, 0x00000000c2600000|100%| O|  |TS  2|AC  0|TAMS 0x00000000c2500000, 0x00000000c2500000|
|   2|0x00000000c2600000, 0x00000000c2638400, 0x00000000c2700000| 21%| O|  |TS  2|AC  0|TAMS 0x00000000c2600000, 0x00000000c2600000|
|   3|0x00000000c2700000, 0x00000000c2700000, 0x00000000c2800000|  0%| F|  |TS  0|AC  0|TAMS 0x00000000c2700000, 0x00000000c2700000|
|   4|0x00000000c2800000, 0x00000000c2800000, 0x00000000c2900000|  0%| F|  |TS  0|AC  0|TAMS 0x00000000c2800000, 0x00000000c2800000|
|   5|0x00000000c2900000, 0x00000000c2900000, 0x00000000c2a00000|  0%| F|  |TS  0|AC  0|TAMS 0x00000000c2900000, 0x00000000c2900000|
|   6|0x00000000c2a00000, 0x00000000c2a00000, 0x00000000c2b00000|  0%| F|  |TS  0|AC  0|TAMS 0x00000000c2a00000, 0x00000000c2a00000|
|   7|0x00000000c2b00000, 0x00000000c2b00000, 0x00000000c2c00000|  0%| F|  |TS  0|AC  0|TAMS 0x00000000c2b00000, 0x00000000c2b00000|
|   8|0x00000000c2c00000, 0x00000000c2c00000, 0x00000000c2d00000|  0%| F|  |TS  0|AC  0|TAMS 0x00000000c2c00000, 0x00000000c2c00000|
|   9|0x00000000c2d00000, 0x00000000c2d00000, 0x00000000c2e00000|  0%| F|  |TS  0|AC  0|TAMS 0x00000000c2d00000, 0x00000000c2d00000|
|  10|0x00000000c2e00000, 0x00000000c2e00000, 0x00000000c2f00000|  0%| F|  |TS  0|AC  0|TAMS 0x00000000c2e00000, 0x00000000c2e00000|
|  11|0x00000000c2f00000, 0x00000000c2f00000, 0x00000000c3000000|  0%| F|  |TS  0|AC  0|TAMS 0x00000000c2f00000, 0x00000000c2f00000|
|  12|0x00000000c3000000, 0x00000000c3000000, 0x00000000c3100000|  0%| F|  |TS  0|AC  0|TAMS 0x00000000c3000000, 0x00000000c3000000|
|  13|0x00000000c3100000, 0x00000000c3100000, 0x00000000c3200000|  0%| F|  |TS  0|AC  0|TAMS 0x00000000c3100000, 0x00000000c3100000|
|  14|0x00000000c3200000, 0x00000000c3200000, 0x00000000c3300000|  0%| F|  |TS  0|AC  0|TAMS 0x00000000c3200000, 0x00000000c3200000|
|  15|0x00000000c3300000, 0x00000000c3300000, 0x00000000c3400000|  0%| F|  |TS  0|AC  0|TAMS 0x00000000c3300000, 0x00000000c3300000|
|  16|0x00000000c3400000, 0x00000000c3400000, 0x00000000c3500000|  0%| F|  |TS  0|AC  0|TAMS 0x00000000c3400000, 0x00000000c3400000|
|  17|0x00000000c3500000, 0x00000000c3500000, 0x00000000c3600000|  0%| F|  |TS  0|AC  0|TAMS 0x00000000c3500000, 0x00000000c3500000|
|  18|0x00000000c3600000, 0x00000000c3600000, 0x00000000c3700000|  0%| F|  |TS  0|AC  0|TAMS 0x00000000c3600000, 0x00000000c3600000|
|  19|0x00000000c3700000, 0x00000000c3700000, 0x00000000c3800000|  0%| F|  |TS  0|AC  0|TAMS 0x00000000c3700000, 0x00000000c3700000|
|  20|0x00000000c3800000, 0x00000000c3800000, 0x00000000c3900000|  0%| F|  |TS  0|AC  0|TAMS 0x00000000c3800000, 0x00000000c3800000|
|  21|0x00000000c3900000, 0x00000000c3900000, 0x00000000c3a00000|  0%| F|  |TS  0|AC  0|TAMS 0x00000000c3900000, 0x00000000c3900000|
|  22|0x00000000c3a00000, 0x00000000c3a00000, 0x00000000c3b00000|  0%| F|  |TS  0|AC  0|TAMS 0x00000000c3a00000, 0x00000000c3a00000|
|  23|0x00000000c3b00000, 0x00000000c3b00000, 0x00000000c3c00000|  0%| F|  |TS  0|AC  0|TAMS 0x00000000c3b00000, 0x00000000c3b00000|
|  24|0x00000000c3c00000, 0x00000000c3c00000, 0x00000000c3d00000|  0%| F|  |TS  0|AC  0|TAMS 0x00000000c3c00000, 0x00000000c3c00000|
|  25|0x00000000c3d00000, 0x00000000c3d00000, 0x00000000c3e00000|  0%| F|  |TS  0|AC  0|TAMS 0x00000000c3d00000, 0x00000000c3d00000|
|  26|0x00000000c3e00000, 0x00000000c3e00000, 0x00000000c3f00000|  0%| F|  |TS  0|AC  0|TAMS 0x00000000c3e00000, 0x00000000c3e00000|
|  27|0x00000000c3f00000, 0x00000000c3f00000, 0x00000000c4000000|  0%| F|  |TS  0|AC  0|TAMS 0x00000000c3f00000, 0x00000000c3f00000|
|  28|0x00000000c4000000, 0x00000000c4000000, 0x00000000c4100000|  0%| F|  |TS  0|AC  0|TAMS 0x00000000c4000000, 0x00000000c4000000|
|  29|0x00000000c4100000, 0x00000000c4100000, 0x00000000c4200000|  0%| F|  |TS  0|AC  0|TAMS 0x00000000c4100000, 0x00000000c4100000|
|  30|0x00000000c4200000, 0x00000000c4200000, 0x00000000c4300000|  0%| F|  |TS  0|AC  0|TAMS 0x00000000c4200000, 0x00000000c4200000|
|  31|0x00000000c4300000, 0x00000000c4300000, 0x00000000c4400000|  0%| F|  |TS  0|AC  0|TAMS 0x00000000c4300000, 0x00000000c4300000|
|  32|0x00000000c4400000, 0x00000000c4400000, 0x00000000c4500000|  0%| F|  |TS  0|AC  0|TAMS 0x00000000c4400000, 0x00000000c4400000|
|  33|0x00000000c4500000, 0x00000000c4500000, 0x00000000c4600000|  0%| F|  |TS  0|AC  0|TAMS 0x00000000c4500000, 0x00000000c4500000|
|  34|0x00000000c4600000, 0x00000000c4600000, 0x00000000c4700000|  0%| F|  |TS  0|AC  0|TAMS 0x00000000c4600000, 0x00000000c4600000|
|  35|0x00000000c4700000, 0x00000000c4700000, 0x00000000c4800000|  0%| F|  |TS  0|AC  0|TAMS 0x00000000c4700000, 0x00000000c4700000|
|  36|0x00000000c4800000, 0x00000000c4800000, 0x00000000c4900000|  0%| F|  |TS  0|AC  0|TAMS 0x00000000c4800000, 0x00000000c4800000|
|  37|0x00000000c4900000, 0x00000000c4900000, 0x00000000c4a00000|  0%| F|  |TS  0|AC  0|TAMS 0x00000000c4900000, 0x00000000c4900000|
|  38|0x00000000c4a00000, 0x00000000c4a00000, 0x00000000c4b00000|  0%| F|  |TS  0|AC  0|TAMS 0x00000000c4a00000, 0x00000000c4a00000|
|  39|0x00000000c4b00000, 0x00000000c4b00000, 0x00000000c4c00000|  0%| F|  |TS  0|AC  0|TAMS 0x00000000c4b00000, 0x00000000c4b00000|
|  40|0x00000000c4c00000, 0x00000000c4c00000, 0x00000000c4d00000|  0%| F|  |TS  0|AC  0|TAMS 0x00000000c4c00000, 0x00000000c4c00000|
|  41|0x00000000c4d00000, 0x00000000c4d00000, 0x00000000c4e00000|  0%| F|  |TS  0|AC  0|TAMS 0x00000000c4d00000, 0x00000000c4d00000|
|  42|0x00000000c4e00000, 0x00000000c4e00000, 0x00000000c4f00000|  0%| F|  |TS  0|AC  0|TAMS 0x00000000c4e00000, 0x00000000c4e00000|
|  43|0x00000000c4f00000, 0x00000000c4f00000, 0x00000000c5000000|  0%| F|  |TS  0|AC  0|TAMS 0x00000000c4f00000, 0x00000000c4f00000|
|  44|0x00000000c5000000, 0x00000000c5000000, 0x00000000c5100000|  0%| F|  |TS  0|AC  0|TAMS 0x00000000c5000000, 0x00000000c5000000|
|  45|0x00000000c5100000, 0x00000000c5100000, 0x00000000c5200000|  0%| F|  |TS  0|AC  0|TAMS 0x00000000c5100000, 0x00000000c5100000|
|  46|0x00000000c5200000, 0x00000000c5200000, 0x00000000c5300000|  0%| F|  |TS  0|AC  0|TAMS 0x00000000c5200000, 0x00000000c5200000|
|  47|0x00000000c5300000, 0x00000000c5300000, 0x00000000c5400000|  0%| F|  |TS  0|AC  0|TAMS 0x00000000c5300000, 0x00000000c5300000|
|  48|0x00000000c5400000, 0x00000000c5400000, 0x00000000c5500000|  0%| F|  |TS  0|AC  0|TAMS 0x00000000c5400000, 0x00000000c5400000|
|  49|0x00000000c5500000, 0x00000000c5500000, 0x00000000c5600000|  0%| F|  |TS  0|AC  0|TAMS 0x00000000c5500000, 0x00000000c5500000|
|  50|0x00000000c5600000, 0x00000000c5600000, 0x00000000c5700000|  0%| F|  |TS  0|AC  0|TAMS 0x00000000c5600000, 0x00000000c5600000|
|  51|0x00000000c5700000, 0x00000000c5700000, 0x00000000c5800000|  0%| F|  |TS  0|AC  0|TAMS 0x00000000c5700000, 0x00000000c5700000|
|  52|0x00000000c5800000, 0x00000000c5800000, 0x00000000c5900000|  0%| F|  |TS  0|AC  0|TAMS 0x00000000c5800000, 0x00000000c5800000|
|  53|0x00000000c5900000, 0x00000000c5900000, 0x00000000c5a00000|  0%| F|  |TS  0|AC  0|TAMS 0x00000000c5900000, 0x00000000c5900000|
|  54|0x00000000c5a00000, 0x00000000c5a00000, 0x00000000c5b00000|  0%| F|  |TS  2|AC  0|TAMS 0x00000000c5a00000, 0x00000000c5a00000|
|  55|0x00000000c5b00000, 0x00000000c5b755e8, 0x00000000c5c00000| 45%| S|CS|TS  2|AC  0|TAMS 0x00000000c5b00000, 0x00000000c5b00000|
|  56|0x00000000c5c00000, 0x00000000c5c00000, 0x00000000c5d00000|  0%| F|  |TS  2|AC  0|TAMS 0x00000000c5c00000, 0x00000000c5c00000|
|  57|0x00000000c5d00000, 0x00000000c5d00000, 0x00000000c5e00000|  0%| F|  |TS  2|AC  0|TAMS 0x00000000c5d00000, 0x00000000c5d00000|
|  58|0x00000000c5e00000, 0x00000000c5e00000, 0x00000000c5f00000|  0%| F|  |TS  2|AC  0|TAMS 0x00000000c5e00000, 0x00000000c5e00000|
|  59|0x00000000c5f00000, 0x00000000c5f00000, 0x00000000c6000000|  0%| F|  |TS  2|AC  0|TAMS 0x00000000c5f00000, 0x00000000c5f00000|
|  60|0x00000000c6000000, 0x00000000c60d0ed8, 0x00000000c6100000| 81%| E|  |TS  2|AC  0|TAMS 0x00000000c6000000, 0x00000000c6000000|
|  61|0x00000000c6100000, 0x00000000c6200000, 0x00000000c6200000|100%| E|CS|TS  2|AC  0|TAMS 0x00000000c6100000, 0x00000000c6100000|

Card table byte_map: [0x00007f0534b1d000,0x00007f0534d0b000] byte_map_base: 0x00007f053450b000

Marking Bits (Prev, Next): (CMBitMap*) 0x0000564f792f7b70, (CMBitMap*) 0x0000564f792f7ba8
 Prev Bits: [0x00007f0527090000, 0x00007f0528000000)
 Next Bits: [0x00007f0526120000, 0x00007f0527090000)

Polling page: 0x00007f0555b75000

CodeHeap 'non-profiled nmethods': size=120036Kb used=260Kb max_used=260Kb free=119775Kb
 bounds [0x00007f053d19f000, 0x00007f053d40f000, 0x00007f05446d8000]
CodeHeap 'profiled nmethods': size=120032Kb used=1672Kb max_used=1672Kb free=118359Kb
 bounds [0x00007f0535c67000, 0x00007f0535ed7000, 0x00007f053d19f000]
CodeHeap 'non-nmethods': size=5692Kb used=1073Kb max_used=1087Kb free=4618Kb
 bounds [0x00007f05356d8000, 0x00007f0535948000, 0x00007f0535c67000]
 total_blobs=1522 nmethods=945 adapters=310
 compilation: enabled

Compilation events (10 events):
Event: 651.188 Thread 0x0000564f793d6800  942       4       java.util.HashSet::isEmpty (8 bytes)
Event: 651.189 Thread 0x0000564f793d6800 nmethod 942 0x00007f053d1def90 code [0x00007f053d1df120, 0x00007f053d1df1b8]
Event: 669.207 Thread 0x0000564f793d6800  943       4       io.netty.util.internal.shaded.org.jctools.queues.BaseMpscLinkedArrayQueue::poll (108 bytes)
Event: 669.210 Thread 0x0000564f793d6800 nmethod 943 0x00007f053d1df290 code [0x00007f053d1df420, 0x00007f053d1df518]
Event: 669.213 Thread 0x0000564f793d6800  944   !   4       sun.nio.ch.SelectorImpl::processDeregisterQueue (101 bytes)
Event: 669.217 Thread 0x0000564f793d6800 nmethod 944 0x00007f053d1df610 code [0x00007f053d1df7a0, 0x00007f053d1dfa18]
Event: 704.251 Thread 0x0000564f793d6800  945       4       java.util.concurrent.atomic.AtomicBoolean::get (13 bytes)
Event: 704.252 Thread 0x0000564f793d6800 nmethod 945 0x00007f053d1dfb90 code [0x00007f053d1dfd20, 0x00007f053d1dfd98]
Event: 1305.037 Thread 0x0000564f793d6800  946       4       java.util.Arrays::fill (28 bytes)
Event: 1305.039 Thread 0x0000564f793d6800 nmethod 946 0x00007f053d1dfe10 code [0x00007f053d1dffa0, 0x00007f053d1e0098]

GC Heap History (4 events):
Event: 0.387 GC heap before
{Heap before GC invocations=0 (full 0):
 garbage-first heap   total 63488K, used 7168K [0x00000000c2400000, 0x0000000100000000)
  region size 1024K, 7 young (7168K), 0 survivors (0K)
 Metaspace       used 10660K, capacity 10938K, committed 11136K, reserved 1058816K
  class space    used 1055K, capacity 1133K, committed 1152K, reserved 1048576K
}
Event: 0.393 GC heap after
{Heap after GC invocations=1 (full 0):
 garbage-first heap   total 63488K, used 2389K [0x00000000c2400000, 0x0000000100000000)
  region size 1024K, 1 young (1024K), 1 survivors (1024K)
 Metaspace       used 10660K, capacity 10938K, committed 11136K, reserved 1058816K
  class space    used 1055K, capacity 1133K, committed 1152K, reserved 1048576K
}
Event: 0.673 GC heap before
{Heap before GC invocations=1 (full 0):
 garbage-first heap   total 63488K, used 8533K [0x00000000c2400000, 0x0000000100000000)
  region size 1024K, 7 young (7168K), 1 survivors (1024K)
 Metaspace       used 13542K, capacity 13816K, committed 14080K, reserved 1062912K
  class space    used 1359K, capacity 1453K, committed 1536K, reserved 1048576K
}
Event: 0.684 GC heap after
{Heap after GC invocations=2 (full 0):
 garbage-first heap   total 63488K, used 2742K [0x00000000c2400000, 0x0000000100000000)
  region size 1024K, 1 young (1024K), 1 survivors (1024K)
 Metaspace       used 13542K, capacity 13816K, committed 14080K, reserved 1062912K
  class space    used 1359K, capacity 1453K, committed 1536K, reserved 1048576K
}

Deoptimization events (1 events):
Event: 0.080 Thread 0x0000564f792a9800 Uncommon trap: reason=unstable_if action=reinterpret pc=0x00007f053d1a29f0 method=java.lang.String.hashCode()I @ 14 c2

Classes redefined (0 events):
No events

Internal exceptions (10 events):
Event: 0.302 Thread 0x0000564f792a9800 Exception <a 'java/lang/NoSuchMethodError'{0x00000000c5dd3518}: java.lang.invoke.DirectMethodHandle$Holder.invokeStaticInit(Ljava/lang/Object;Ljava/lang/Object;Ljava/lang/Object;)Ljava/lang/Object;> (0x00000000c5dd3518) thrown at [/build/openjdk-lts-xioZJ
Event: 0.302 Thread 0x0000564f792a9800 Exception <a 'java/lang/NoSuchMethodError'{0x00000000c5ddca90}: method resolution failed> (0x00000000c5ddca90) thrown at [/build/openjdk-lts-xioZJb/openjdk-lts-10.0.2+13/src/hotspot/share/prims/methodHandles.cpp, line 1226]
Event: 0.303 Thread 0x0000564f792a9800 Exception <a 'java/lang/InternalError'{0x00000000c5de7a30}: JVMCI is not enabled> (0x00000000c5de7a30) thrown at [/build/openjdk-lts-xioZJb/openjdk-lts-10.0.2+13/src/hotspot/share/jvmci/jvmciRuntime.cpp, line 635]
Event: 0.304 Thread 0x0000564f792a9800 Exception <a 'java/lang/InternalError'{0x00000000c5de7a30}> (0x00000000c5de7a30) thrown at [/build/openjdk-lts-xioZJb/openjdk-lts-10.0.2+13/src/hotspot/share/oops/instanceKlass.cpp, line 840]
Event: 0.304 Thread 0x0000564f792a9800 Exception <a 'java/lang/NoSuchMethodError'{0x00000000c5deef50}: java.lang.invoke.DirectMethodHandle$Holder.invokeStatic(Ljava/lang/Object;Ljava/lang/Object;Ljava/lang/Object;)I> (0x00000000c5deef50) thrown at [/build/openjdk-lts-xioZJb/openjdk-lts-10.0.2+
Event: 0.306 Thread 0x0000564f792a9800 Exception <a 'java/lang/NoSuchMethodError'{0x00000000c5dfa000}: java.lang.invoke.DirectMethodHandle$Holder.invokeSpecial(Ljava/lang/Object;Ljava/lang/Object;Ljava/lang/Object;)I> (0x00000000c5dfa000) thrown at [/build/openjdk-lts-xioZJb/openjdk-lts-10.0.2
Event: 0.376 Thread 0x0000564f792a9800 Exception <a 'java/lang/NoSuchMethodError'{0x00000000c5bd57b0}: java.lang.Object.lambda$negate$3(I)Z> (0x00000000c5bd57b0) thrown at [/build/openjdk-lts-xioZJb/openjdk-lts-10.0.2+13/src/hotspot/share/interpreter/linkResolver.cpp, line 741]
Event: 0.525 Thread 0x0000564f792a9800 Exception <a 'java/lang/NoSuchMethodError'{0x00000000c6089ce0}: method resolution failed> (0x00000000c6089ce0) thrown at [/build/openjdk-lts-xioZJb/openjdk-lts-10.0.2+13/src/hotspot/share/prims/methodHandles.cpp, line 1226]
Event: 0.563 Thread 0x0000564f792a9800 Exception <a 'java/lang/NoSuchMethodError'{0x00000000c5ee0db0}: java.lang.invoke.DirectMethodHandle$Holder.invokeStatic(Ljava/lang/Object;Ljava/lang/Object;)I> (0x00000000c5ee0db0) thrown at [/build/openjdk-lts-xioZJb/openjdk-lts-10.0.2+13/src/hotspot/sha
Event: 0.564 Thread 0x0000564f792a9800 Exception <a 'java/lang/NoSuchMethodError'{0x00000000c5eede60}: java.lang.Object.of([Ljava/lang/Object;)Ljava/util/stream/Stream;> (0x00000000c5eede60) thrown at [/build/openjdk-lts-xioZJb/openjdk-lts-10.0.2+13/src/hotspot/share/interpreter/linkResolver.c

Events (10 events):
Event: 0.796 loading class io/netty/channel/DefaultMaxMessagesRecvByteBufAllocator$MaxMessageHandle$1 done
Event: 0.796 loading class io/netty/handler/codec/CodecOutputList
Event: 0.796 loading class io/netty/handler/codec/CodecOutputList done
Event: 0.797 loading class io/netty/handler/codec/CodecOutputList$1
Event: 0.797 loading class io/netty/handler/codec/CodecOutputList$1 done
Event: 0.797 loading class java/util/ArraysSupport
Event: 0.797 loading class java/util/ArraysSupport done
Event: 0.834 Executing VM operation: RevokeBias
Event: 0.835 Executing VM operation: RevokeBias done
Event: 0.835 Thread 0x0000564f79475800 Thread exited: 0x0000564f79475800


Dynamic libraries:
c2400000-c6200000 rw-p 00000000 00:00 0 
c6200000-100000000 ---p 00000000 00:00 0 
100000000-100180000 rw-p 00000000 00:00 0 
100180000-140000000 ---p 00000000 00:00 0 
564f7749e000-564f7779d000 r-xp 00000000 08:01 430                        /usr/bin/python2.7
564f7799d000-564f7799f000 r--p 002ff000 08:01 430                        /usr/bin/python2.7
564f7799f000-564f77a15000 rw-p 00301000 08:01 430                        /usr/bin/python2.7
564f77a15000-564f77a39000 rw-p 00000000 00:00 0 
564f78ded000-564f797a2000 rw-p 00000000 00:00 0                          [heap]
7f04cc000000-7f04cc021000 rw-p 00000000 00:00 0 
7f04cc021000-7f04d0000000 ---p 00000000 00:00 0 
7f04d0ffd000-7f04d4000000 rw-p 00000000 00:00 0 
7f04d4000000-7f04d4021000 rw-p 00000000 00:00 0 
7f04d4021000-7f04d8000000 ---p 00000000 00:00 0 
7f04d8000000-7f04d8021000 rw-p 00000000 00:00 0 
7f04d8021000-7f04dc000000 ---p 00000000 00:00 0 
7f04dc000000-7f04dc021000 rw-p 00000000 00:00 0 
7f04dc021000-7f04e0000000 ---p 00000000 00:00 0 
7f04e0000000-7f04e0021000 rw-p 00000000 00:00 0 
7f04e0021000-7f04e4000000 ---p 00000000 00:00 0 
7f04e4000000-7f04e4021000 rw-p 00000000 00:00 0 
7f04e4021000-7f04e8000000 ---p 00000000 00:00 0 
7f04e8000000-7f04e8021000 rw-p 00000000 00:00 0 
7f04e8021000-7f04ec000000 ---p 00000000 00:00 0 
7f04ec000000-7f04ec245000 rw-p 00000000 00:00 0 
7f04ec245000-7f04f0000000 ---p 00000000 00:00 0 
7f04f0000000-7f04f0021000 rw-p 00000000 00:00 0 
7f04f0021000-7f04f4000000 ---p 00000000 00:00 0 
7f04f4000000-7f04f4021000 rw-p 00000000 00:00 0 
7f04f4021000-7f04f8000000 ---p 00000000 00:00 0 
7f04f8000000-7f04f81ad000 rw-p 00000000 00:00 0 
7f04f81ad000-7f04fc000000 ---p 00000000 00:00 0 
7f04fc000000-7f04fc021000 rw-p 00000000 00:00 0 
7f04fc021000-7f0500000000 ---p 00000000 00:00 0 
7f0500000000-7f0500021000 rw-p 00000000 00:00 0 
7f0500021000-7f0504000000 ---p 00000000 00:00 0 
7f0504000000-7f0504021000 rw-p 00000000 00:00 0 
7f0504021000-7f0508000000 ---p 00000000 00:00 0 
7f0508000000-7f0508021000 rw-p 00000000 00:00 0 
7f0508021000-7f050c000000 ---p 00000000 00:00 0 
7f050c589000-7f050d58a000 rw-p 00000000 00:00 0 
7f050d58a000-7f050d58e000 ---p 00000000 00:00 0 
7f050d58e000-7f050d74b000 rw-p 00000000 00:00 0 
7f050d74b000-7f050d88b000 ---p 00000000 00:00 0 
7f050d88b000-7f050d88f000 ---p 00000000 00:00 0 
7f050d88f000-7f050d98c000 rw-p 00000000 00:00 0 
7f050d98c000-7f050d990000 ---p 00000000 00:00 0 
7f050d990000-7f050da8d000 rw-p 00000000 00:00 0 
7f050da8d000-7f050da91000 ---p 00000000 00:00 0 
7f050da91000-7f050db8e000 rw-p 00000000 00:00 0 
7f050db8e000-7f050db92000 ---p 00000000 00:00 0 
7f050db92000-7f050dc8f000 rw-p 00000000 00:00 0 
7f050dc8f000-7f050dc90000 r-xp 00000000 08:01 5490                       /usr/lib/jvm/java-11-openjdk-amd64/lib/libextnet.so
7f050dc90000-7f050de8f000 ---p 00001000 08:01 5490                       /usr/lib/jvm/java-11-openjdk-amd64/lib/libextnet.so
7f050de8f000-7f050de90000 r--p 00000000 08:01 5490                       /usr/lib/jvm/java-11-openjdk-amd64/lib/libextnet.so
7f050de90000-7f050de91000 rw-p 00001000 08:01 5490                       /usr/lib/jvm/java-11-openjdk-amd64/lib/libextnet.so
7f050de91000-7f050e091000 rw-p 00000000 00:00 0 
7f050e091000-7f050e0b9000 r-xp 00000000 08:01 5515                       /usr/lib/jvm/java-11-openjdk-amd64/lib/libsunec.so
7f050e0b9000-7f050e2b9000 ---p 00028000 08:01 5515                       /usr/lib/jvm/java-11-openjdk-amd64/lib/libsunec.so
7f050e2b9000-7f050e2bd000 r--p 00028000 08:01 5515                       /usr/lib/jvm/java-11-openjdk-amd64/lib/libsunec.so
7f050e2bd000-7f050e2be000 rw-p 0002c000 08:01 5515                       /usr/lib/jvm/java-11-openjdk-amd64/lib/libsunec.so
7f050e2be000-7f050e4be000 rw-p 00000000 00:00 0 
7f050e4be000-7f050e4c3000 r-xp 00000000 08:01 5507                       /usr/lib/jvm/java-11-openjdk-amd64/lib/libmanagement_ext.so
7f050e4c3000-7f050e6c2000 ---p 00005000 08:01 5507                       /usr/lib/jvm/java-11-openjdk-amd64/lib/libmanagement_ext.so
7f050e6c2000-7f050e6c3000 r--p 00004000 08:01 5507                       /usr/lib/jvm/java-11-openjdk-amd64/lib/libmanagement_ext.so
7f050e6c3000-7f050e6c4000 rw-p 00005000 08:01 5507                       /usr/lib/jvm/java-11-openjdk-amd64/lib/libmanagement_ext.so
7f050e6c4000-7f050e6c8000 r-xp 00000000 08:01 5505                       /usr/lib/jvm/java-11-openjdk-amd64/lib/libmanagement.so
7f050e6c8000-7f050e8c7000 ---p 00004000 08:01 5505                       /usr/lib/jvm/java-11-openjdk-amd64/lib/libmanagement.so
7f050e8c7000-7f050e8c8000 r--p 00003000 08:01 5505                       /usr/lib/jvm/java-11-openjdk-amd64/lib/libmanagement.so
7f050e8c8000-7f050e8c9000 rw-p 00004000 08:01 5505                       /usr/lib/jvm/java-11-openjdk-amd64/lib/libmanagement.so
7f050e8c9000-7f050e8e0000 r-xp 00000000 08:01 5509                       /usr/lib/jvm/java-11-openjdk-amd64/lib/libnet.so
7f050e8e0000-7f050eadf000 ---p 00017000 08:01 5509                       /usr/lib/jvm/java-11-openjdk-amd64/lib/libnet.so
7f050eadf000-7f050eae0000 r--p 00016000 08:01 5509                       /usr/lib/jvm/java-11-openjdk-amd64/lib/libnet.so
7f050eae0000-7f050eae1000 rw-p 00017000 08:01 5509                       /usr/lib/jvm/java-11-openjdk-amd64/lib/libnet.so
7f050eae1000-7f050eaf2000 r-xp 00000000 08:01 5510                       /usr/lib/jvm/java-11-openjdk-amd64/lib/libnio.so
7f050eaf2000-7f050ecf1000 ---p 00011000 08:01 5510                       /usr/lib/jvm/java-11-openjdk-amd64/lib/libnio.so
7f050ecf1000-7f050ecf2000 r--p 00010000 08:01 5510                       /usr/lib/jvm/java-11-openjdk-amd64/lib/libnio.so
7f050ecf2000-7f050ecf3000 rw-p 00011000 08:01 5510                       /usr/lib/jvm/java-11-openjdk-amd64/lib/libnio.so
7f050ecf3000-7f050ecf7000 ---p 00000000 00:00 0 
7f050ecf7000-7f050edf4000 rw-p 00000000 00:00 0 
7f050edf4000-7f050edf8000 ---p 00000000 00:00 0 
7f050edf8000-7f050eef5000 rw-p 00000000 00:00 0 
7f050eef5000-7f050eef6000 ---p 00000000 00:00 0 
7f050eef6000-7f050eff7000 rw-p 00000000 00:00 0 
7f050eff7000-7f050effb000 ---p 00000000 00:00 0 
7f050effb000-7f050f0f8000 rw-p 00000000 00:00 0 
7f050f0f8000-7f050f0fc000 ---p 00000000 00:00 0 
7f050f0fc000-7f050f1f9000 rw-p 00000000 00:00 0 
7f050f1f9000-7f050f1fd000 ---p 00000000 00:00 0 
7f050f1fd000-7f050f2fa000 rw-p 00000000 00:00 0 
7f050f2fa000-7f050f2fe000 ---p 00000000 00:00 0 
7f050f2fe000-7f050f3fb000 rw-p 00000000 00:00 0 
7f050f3fb000-7f050f3ff000 ---p 00000000 00:00 0 
7f050f3ff000-7f050f4fc000 rw-p 00000000 00:00 0 
7f050f4fc000-7f050f500000 ---p 00000000 00:00 0 
7f050f500000-7f050f5fd000 rw-p 00000000 00:00 0 
7f050f5fd000-7f050f601000 ---p 00000000 00:00 0 
7f050f601000-7f050f6fe000 rw-p 00000000 00:00 0 
7f050f6fe000-7f050f6ff000 ---p 00000000 00:00 0 
7f050f6ff000-7f0510000000 rw-p 00000000 00:00 0 
7f0510000000-7f0510021000 rw-p 00000000 00:00 0 
7f0510021000-7f0514000000 ---p 00000000 00:00 0 
7f0514000000-7f0514021000 rw-p 00000000 00:00 0 
7f0514021000-7f0518000000 ---p 00000000 00:00 0 
7f0518000000-7f0518021000 rw-p 00000000 00:00 0 
7f0518021000-7f051c000000 ---p 00000000 00:00 0 
7f051c000000-7f051c021000 rw-p 00000000 00:00 0 
7f051c021000-7f0520000000 ---p 00000000 00:00 0 
7f0520000000-7f0520021000 rw-p 00000000 00:00 0 
7f0520021000-7f0524000000 ---p 00000000 00:00 0 
7f052401e000-7f052401f000 ---p 00000000 00:00 0 
7f052401f000-7f0526218000 rw-p 00000000 00:00 0 
7f0526218000-7f0527090000 ---p 00000000 00:00 0 
7f0527090000-7f0527188000 rw-p 00000000 00:00 0 
7f0527188000-7f0528000000 ---p 00000000 00:00 0 
7f0528000000-7f0528021000 rw-p 00000000 00:00 0 
7f0528021000-7f052c000000 ---p 00000000 00:00 0 
7f052c000000-7f052c021000 rw-p 00000000 00:00 0 
7f052c021000-7f0530000000 ---p 00000000 00:00 0 
7f0530000000-7f0530021000 rw-p 00000000 00:00 0 
7f0530021000-7f0534000000 ---p 00000000 00:00 0 
7f0534013000-7f05340e4000 rw-p 00000000 00:00 0 
7f05340e4000-7f05340e5000 ---p 00000000 00:00 0 
7f05340e5000-7f05341e6000 rw-p 00000000 00:00 0 
7f05341e6000-7f05341e7000 ---p 00000000 00:00 0 
7f05341e7000-7f05342e8000 rw-p 00000000 00:00 0 
7f05342e8000-7f05342e9000 ---p 00000000 00:00 0 
7f05342e9000-7f05346ed000 rw-p 00000000 00:00 0 
7f05346ed000-7f05346ee000 ---p 00000000 00:00 0 
7f05346ee000-7f05347ef000 rw-p 00000000 00:00 0 
7f05347ef000-7f05347f0000 ---p 00000000 00:00 0 
7f05347f0000-7f053494e000 rw-p 00000000 00:00 0 
7f053494e000-7f0534b1d000 ---p 00000000 00:00 0 
7f0534b1d000-7f0534b3c000 rw-p 00000000 00:00 0 
7f0534b3c000-7f0534d0b000 ---p 00000000 00:00 0 
7f0534d0b000-7f0534d2a000 rw-p 00000000 00:00 0 
7f0534d2a000-7f0534ef9000 ---p 00000000 00:00 0 
7f0534ef9000-7f05351fc000 rw-p 00000000 00:00 0 
7f05351fc000-7f05351fd000 ---p 00000000 00:00 0 
7f05351fd000-7f05352fe000 rw-p 00000000 00:00 0 
7f05352fe000-7f05352ff000 ---p 00000000 00:00 0 
7f05352ff000-7f0535400000 rw-p 00000000 00:00 0 
7f0535400000-7f0535401000 ---p 00000000 00:00 0 
7f0535401000-7f0535507000 rw-p 00000000 00:00 0 
7f0535507000-7f05355ed000 ---p 00000000 00:00 0 
7f05355ed000-7f05355f2000 rw-p 00000000 00:00 0 
7f05355f2000-7f05356d8000 ---p 00000000 00:00 0 
7f05356d8000-7f0535948000 rwxp 00000000 00:00 0 
7f0535948000-7f0535c67000 ---p 00000000 00:00 0 
7f0535c67000-7f0535ed7000 rwxp 00000000 00:00 0 
7f0535ed7000-7f053d19f000 ---p 00000000 00:00 0 
7f053d19f000-7f053d40f000 rwxp 00000000 00:00 0 
7f053d40f000-7f05446d8000 ---p 00000000 00:00 0 
7f05446d8000-7f054dbb2000 r--s 00000000 08:01 5519                       /usr/lib/jvm/java-11-openjdk-amd64/lib/modules
7f054dbb2000-7f054dbb7000 r-xp 00000000 08:01 5501                       /usr/lib/jvm/java-11-openjdk-amd64/lib/libjimage.so
7f054dbb7000-7f054ddb6000 ---p 00005000 08:01 5501                       /usr/lib/jvm/java-11-openjdk-amd64/lib/libjimage.so
7f054ddb6000-7f054ddb7000 r--p 00004000 08:01 5501                       /usr/lib/jvm/java-11-openjdk-amd64/lib/libjimage.so
7f054ddb7000-7f054ddb8000 rw-p 00005000 08:01 5501                       /usr/lib/jvm/java-11-openjdk-amd64/lib/libjimage.so
7f054ddb8000-7f054ddbf000 r-xp 00000000 08:01 5518                       /usr/lib/jvm/java-11-openjdk-amd64/lib/libzip.so
7f054ddbf000-7f054dfbe000 ---p 00007000 08:01 5518                       /usr/lib/jvm/java-11-openjdk-amd64/lib/libzip.so
7f054dfbe000-7f054dfbf000 r--p 00006000 08:01 5518                       /usr/lib/jvm/java-11-openjdk-amd64/lib/libzip.so
7f054dfbf000-7f054dfc0000 rw-p 00007000 08:01 5518                       /usr/lib/jvm/java-11-openjdk-amd64/lib/libzip.so
7f054dfc0000-7f054dfcb000 r-xp 00000000 08:01 269105                     /lib/x86_64-linux-gnu/libnss_files-2.27.so
7f054dfcb000-7f054e1ca000 ---p 0000b000 08:01 269105                     /lib/x86_64-linux-gnu/libnss_files-2.27.so
7f054e1ca000-7f054e1cb000 r--p 0000a000 08:01 269105                     /lib/x86_64-linux-gnu/libnss_files-2.27.so
7f054e1cb000-7f054e1cc000 rw-p 0000b000 08:01 269105                     /lib/x86_64-linux-gnu/libnss_files-2.27.so
7f054e1cc000-7f054e1d2000 rw-p 00000000 00:00 0 
7f054e1d2000-7f054e1e9000 r-xp 00000000 08:01 269099                     /lib/x86_64-linux-gnu/libnsl-2.27.so
7f054e1e9000-7f054e3e8000 ---p 00017000 08:01 269099                     /lib/x86_64-linux-gnu/libnsl-2.27.so
7f054e3e8000-7f054e3e9000 r--p 00016000 08:01 269099                     /lib/x86_64-linux-gnu/libnsl-2.27.so
7f054e3e9000-7f054e3ea000 rw-p 00017000 08:01 269099                     /lib/x86_64-linux-gnu/libnsl-2.27.so
7f054e3ea000-7f054e3ec000 rw-p 00000000 00:00 0 
7f054e3ec000-7f054e3f7000 r-xp 00000000 08:01 269116                     /lib/x86_64-linux-gnu/libnss_nis-2.27.so
7f054e3f7000-7f054e5f6000 ---p 0000b000 08:01 269116                     /lib/x86_64-linux-gnu/libnss_nis-2.27.so
7f054e5f6000-7f054e5f7000 r--p 0000a000 08:01 269116                     /lib/x86_64-linux-gnu/libnss_nis-2.27.so
7f054e5f7000-7f054e5f8000 rw-p 0000b000 08:01 269116                     /lib/x86_64-linux-gnu/libnss_nis-2.27.so
7f054e5f8000-7f054e600000 r-xp 00000000 08:01 269101                     /lib/x86_64-linux-gnu/libnss_compat-2.27.so
7f054e600000-7f054e800000 ---p 00008000 08:01 269101                     /lib/x86_64-linux-gnu/libnss_compat-2.27.so
7f054e800000-7f054e801000 r--p 00008000 08:01 269101                     /lib/x86_64-linux-gnu/libnss_compat-2.27.so
7f054e801000-7f054e802000 rw-p 00009000 08:01 269101                     /lib/x86_64-linux-gnu/libnss_compat-2.27.so
7f054e802000-7f054e82e000 r-xp 00000000 08:01 5497                       /usr/lib/jvm/java-11-openjdk-amd64/lib/libjava.so
7f054e82e000-7f054ea2d000 ---p 0002c000 08:01 5497                       /usr/lib/jvm/java-11-openjdk-amd64/lib/libjava.so
7f054ea2d000-7f054ea2e000 r--p 0002b000 08:01 5497                       /usr/lib/jvm/java-11-openjdk-amd64/lib/libjava.so
7f054ea2e000-7f054ea30000 rw-p 0002c000 08:01 5497                       /usr/lib/jvm/java-11-openjdk-amd64/lib/libjava.so
7f054ea30000-7f054ea3d000 r-xp 00000000 08:01 5517                       /usr/lib/jvm/java-11-openjdk-amd64/lib/libverify.so
7f054ea3d000-7f054ec3c000 ---p 0000d000 08:01 5517                       /usr/lib/jvm/java-11-openjdk-amd64/lib/libverify.so
7f054ec3c000-7f054ec3e000 r--p 0000c000 08:01 5517                       /usr/lib/jvm/java-11-openjdk-amd64/lib/libverify.so
7f054ec3e000-7f054ec3f000 rw-p 0000e000 08:01 5517                       /usr/lib/jvm/java-11-openjdk-amd64/lib/libverify.so
7f054ec3f000-7f054ec46000 r-xp 00000000 08:01 269156                     /lib/x86_64-linux-gnu/librt-2.27.so
7f054ec46000-7f054ee45000 ---p 00007000 08:01 269156                     /lib/x86_64-linux-gnu/librt-2.27.so
7f054ee45000-7f054ee46000 r--p 00006000 08:01 269156                     /lib/x86_64-linux-gnu/librt-2.27.so
7f054ee46000-7f054ee47000 rw-p 00007000 08:01 269156                     /lib/x86_64-linux-gnu/librt-2.27.so
7f054ee47000-7f054fde4000 r-xp 00000000 08:01 5522                       /usr/lib/jvm/java-11-openjdk-amd64/lib/server/libjvm.so
7f054fde4000-7f054ffe4000 ---p 00f9d000 08:01 5522                       /usr/lib/jvm/java-11-openjdk-amd64/lib/server/libjvm.so
7f054ffe4000-7f05500a8000 r--p 00f9d000 08:01 5522                       /usr/lib/jvm/java-11-openjdk-amd64/lib/server/libjvm.so
7f05500a8000-7f05500e0000 rw-p 01061000 08:01 5522                       /usr/lib/jvm/java-11-openjdk-amd64/lib/server/libjvm.so
7f05500e0000-7f05501a9000 rw-p 00000000 00:00 0 
7f05501e2000-7f0550291000 r-xp 00000000 08:01 556257                     /usr/lib/python2.7/dist-packages/numpy/random/mtrand.x86_64-linux-gnu.so
7f0550291000-7f0550490000 ---p 000af000 08:01 556257                     /usr/lib/python2.7/dist-packages/numpy/random/mtrand.x86_64-linux-gnu.so
7f0550490000-7f0550491000 r--p 000ae000 08:01 556257                     /usr/lib/python2.7/dist-packages/numpy/random/mtrand.x86_64-linux-gnu.so
7f0550491000-7f05504b5000 rw-p 000af000 08:01 556257                     /usr/lib/python2.7/dist-packages/numpy/random/mtrand.x86_64-linux-gnu.so
7f05504b5000-7f0550536000 rw-p 00000000 00:00 0 
7f0550536000-7f055053f000 r-xp 00000000 08:01 171485                     /usr/lib/python2.7/dist-packages/numpy/fft/fftpack_lite.x86_64-linux-gnu.so
7f055053f000-7f055073e000 ---p 00009000 08:01 171485                     /usr/lib/python2.7/dist-packages/numpy/fft/fftpack_lite.x86_64-linux-gnu.so
7f055073e000-7f055073f000 r--p 00008000 08:01 171485                     /usr/lib/python2.7/dist-packages/numpy/fft/fftpack_lite.x86_64-linux-gnu.so
7f055073f000-7f0550740000 rw-p 00009000 08:01 171485                     /usr/lib/python2.7/dist-packages/numpy/fft/fftpack_lite.x86_64-linux-gnu.so
7f0550740000-7f0550741000 r-xp 00000000 08:01 140795                     /usr/lib/python2.7/lib-dynload/future_builtins.x86_64-linux-gnu.so
7f0550741000-7f0550940000 ---p 00001000 08:01 140795                     /usr/lib/python2.7/lib-dynload/future_builtins.x86_64-linux-gnu.so
7f0550940000-7f0550941000 r--p 00000000 08:01 140795                     /usr/lib/python2.7/lib-dynload/future_builtins.x86_64-linux-gnu.so
7f0550941000-7f0550942000 rw-p 00001000 08:01 140795                     /usr/lib/python2.7/lib-dynload/future_builtins.x86_64-linux-gnu.so
7f0550942000-7f0550982000 rw-p 00000000 00:00 0 
7f0550982000-7f05509a1000 r-xp 00000000 08:01 430357                     /usr/lib/python2.7/dist-packages/numpy/linalg/_umath_linalg.x86_64-linux-gnu.so
7f05509a1000-7f0550ba1000 ---p 0001f000 08:01 430357                     /usr/lib/python2.7/dist-packages/numpy/linalg/_umath_linalg.x86_64-linux-gnu.so
7f0550ba1000-7f0550ba2000 r--p 0001f000 08:01 430357                     /usr/lib/python2.7/dist-packages/numpy/linalg/_umath_linalg.x86_64-linux-gnu.so
7f0550ba2000-7f0550ba3000 rw-p 00020000 08:01 430357                     /usr/lib/python2.7/dist-packages/numpy/linalg/_umath_linalg.x86_64-linux-gnu.so
7f0550ba3000-7f0550be2000 r-xp 00000000 08:01 144608                     /usr/lib/x86_64-linux-gnu/libquadmath.so.0.0.0
7f0550be2000-7f0550de1000 ---p 0003f000 08:01 144608                     /usr/lib/x86_64-linux-gnu/libquadmath.so.0.0.0
7f0550de1000-7f0550de2000 r--p 0003e000 08:01 144608                     /usr/lib/x86_64-linux-gnu/libquadmath.so.0.0.0
7f0550de2000-7f0550de3000 rw-p 0003f000 08:01 144608                     /usr/lib/x86_64-linux-gnu/libquadmath.so.0.0.0
7f0550de3000-7f0550fbf000 r-xp 00000000 08:01 144492                     /usr/lib/x86_64-linux-gnu/libgfortran.so.4.0.0
7f0550fbf000-7f05511bf000 ---p 001dc000 08:01 144492                     /usr/lib/x86_64-linux-gnu/libgfortran.so.4.0.0
7f05511bf000-7f05511c0000 r--p 001dc000 08:01 144492                     /usr/lib/x86_64-linux-gnu/libgfortran.so.4.0.0
7f05511c0000-7f05511c1000 rw-p 001dd000 08:01 144492                     /usr/lib/x86_64-linux-gnu/libgfortran.so.4.0.0
7f05511c1000-7f05511c2000 rw-p 00000000 00:00 0 
7f05511c2000-7f055185a000 r-xp 00000000 08:01 144554                     /usr/lib/x86_64-linux-gnu/lapack/liblapack.so.3.7.1
7f055185a000-7f0551a5a000 ---p 00698000 08:01 144554                     /usr/lib/x86_64-linux-gnu/lapack/liblapack.so.3.7.1
7f0551a5a000-7f0551a5b000 r--p 00698000 08:01 144554                     /usr/lib/x86_64-linux-gnu/lapack/liblapack.so.3.7.1
7f0551a5b000-7f0551a5f000 rw-p 00699000 08:01 144554                     /usr/lib/x86_64-linux-gnu/lapack/liblapack.so.3.7.1
7f0551a5f000-7f0551a60000 rw-p 00000000 00:00 0 
7f0551a60000-7f0551a63000 r-xp 00000000 08:01 430359                     /usr/lib/python2.7/dist-packages/numpy/linalg/lapack_lite.x86_64-linux-gnu.so
7f0551a63000-7f0551c62000 ---p 00003000 08:01 430359                     /usr/lib/python2.7/dist-packages/numpy/linalg/lapack_lite.x86_64-linux-gnu.so
7f0551c62000-7f0551c63000 r--p 00002000 08:01 430359                     /usr/lib/python2.7/dist-packages/numpy/linalg/lapack_lite.x86_64-linux-gnu.so
7f0551c63000-7f0551c64000 rw-p 00003000 08:01 430359                     /usr/lib/python2.7/dist-packages/numpy/linalg/lapack_lite.x86_64-linux-gnu.so
7f0551c64000-7f0551ce4000 rw-p 00000000 00:00 0 
7f0551ce4000-7f0551f31000 r-xp 00000000 08:01 144574                     /usr/lib/x86_64-linux-gnu/libcrypto.so.1.1
7f0551f31000-7f0552131000 ---p 0024d000 08:01 144574                     /usr/lib/x86_64-linux-gnu/libcrypto.so.1.1
7f0552131000-7f055214f000 r--p 0024d000 08:01 144574                     /usr/lib/x86_64-linux-gnu/libcrypto.so.1.1
7f055214f000-7f0552159000 rw-p 0026b000 08:01 144574                     /usr/lib/x86_64-linux-gnu/libcrypto.so.1.1
7f0552159000-7f055215c000 rw-p 00000000 00:00 0 
7f055215c000-7f0552161000 r-xp 00000000 08:01 140782                     /usr/lib/python2.7/lib-dynload/_hashlib.x86_64-linux-gnu.so
7f0552161000-7f0552360000 ---p 00005000 08:01 140782                     /usr/lib/python2.7/lib-dynload/_hashlib.x86_64-linux-gnu.so
7f0552360000-7f0552361000 r--p 00004000 08:01 140782                     /usr/lib/python2.7/lib-dynload/_hashlib.x86_64-linux-gnu.so
7f0552361000-7f0552362000 rw-p 00005000 08:01 140782                     /usr/lib/python2.7/lib-dynload/_hashlib.x86_64-linux-gnu.so
7f0552362000-7f05523a2000 rw-p 00000000 00:00 0 
7f05523a2000-7f05523b1000 r-xp 00000000 08:01 269014                     /lib/x86_64-linux-gnu/libbz2.so.1.0.4
7f05523b1000-7f05525b0000 ---p 0000f000 08:01 269014                     /lib/x86_64-linux-gnu/libbz2.so.1.0.4
7f05525b0000-7f05525b1000 r--p 0000e000 08:01 269014                     /lib/x86_64-linux-gnu/libbz2.so.1.0.4
7f05525b1000-7f05525b2000 rw-p 0000f000 08:01 269014                     /lib/x86_64-linux-gnu/libbz2.so.1.0.4
7f05525b2000-7f05525ba000 r-xp 00000000 08:01 140792                     /usr/lib/python2.7/lib-dynload/bz2.x86_64-linux-gnu.so
7f05525ba000-7f05527b9000 ---p 00008000 08:01 140792                     /usr/lib/python2.7/lib-dynload/bz2.x86_64-linux-gnu.so
7f05527b9000-7f05527ba000 r--p 00007000 08:01 140792                     /usr/lib/python2.7/lib-dynload/bz2.x86_64-linux-gnu.so
7f05527ba000-7f05527bc000 rw-p 00008000 08:01 140792                     /usr/lib/python2.7/lib-dynload/bz2.x86_64-linux-gnu.so
7f05527bc000-7f05529bd000 rw-p 00000000 00:00 0 
7f05529bd000-7f05529c4000 r-xp 00000000 08:01 143531                     /usr/lib/x86_64-linux-gnu/libffi.so.6.0.4
7f05529c4000-7f0552bc3000 ---p 00007000 08:01 143531                     /usr/lib/x86_64-linux-gnu/libffi.so.6.0.4
7f0552bc3000-7f0552bc4000 r--p 00006000 08:01 143531                     /usr/lib/x86_64-linux-gnu/libffi.so.6.0.4
7f0552bc4000-7f0552bc5000 rw-p 00007000 08:01 143531                     /usr/lib/x86_64-linux-gnu/libffi.so.6.0.4
7f0552bc5000-7f0552be3000 r-xp 00000000 08:01 140777                     /usr/lib/python2.7/lib-dynload/_ctypes.x86_64-linux-gnu.so
7f0552be3000-7f0552de2000 ---p 0001e000 08:01 140777                     /usr/lib/python2.7/lib-dynload/_ctypes.x86_64-linux-gnu.so
7f0552de2000-7f0552de3000 r--p 0001d000 08:01 140777                     /usr/lib/python2.7/lib-dynload/_ctypes.x86_64-linux-gnu.so
7f0552de3000-7f0552de7000 rw-p 0001e000 08:01 140777                     /usr/lib/python2.7/lib-dynload/_ctypes.x86_64-linux-gnu.so
7f0552de7000-7f0552f40000 r-xp 00000000 08:01 171216                     /usr/lib/python2.7/dist-packages/numpy/core/umath.x86_64-linux-gnu.so
7f0552f40000-7f055313f000 ---p 00159000 08:01 171216                     /usr/lib/python2.7/dist-packages/numpy/core/umath.x86_64-linux-gnu.so
7f055313f000-7f0553140000 r--p 00158000 08:01 171216                     /usr/lib/python2.7/dist-packages/numpy/core/umath.x86_64-linux-gnu.so
7f0553140000-7f0553146000 rw-p 00159000 08:01 171216                     /usr/lib/python2.7/dist-packages/numpy/core/umath.x86_64-linux-gnu.so
7f0553146000-7f0553188000 rw-p 00000000 00:00 0 
7f0553188000-7f05531f3000 r-xp 00000000 08:01 139590                     /usr/lib/x86_64-linux-gnu/blas/libblas.so.3.7.1
7f05531f3000-7f05533f3000 ---p 0006b000 08:01 139590                     /usr/lib/x86_64-linux-gnu/blas/libblas.so.3.7.1
7f05533f3000-7f05533f4000 r--p 0006b000 08:01 139590                     /usr/lib/x86_64-linux-gnu/blas/libblas.so.3.7.1
7f05533f4000-7f05533f5000 rw-p 0006c000 08:01 139590                     /usr/lib/x86_64-linux-gnu/blas/libblas.so.3.7.1
7f05533f5000-7f0553568000 r-xp 00000000 08:01 167331                     /usr/lib/python2.7/dist-packages/numpy/core/multiarray.x86_64-linux-gnu.so
7f0553568000-7f0553768000 ---p 00173000 08:01 167331                     /usr/lib/python2.7/dist-packages/numpy/core/multiarray.x86_64-linux-gnu.so
7f0553768000-7f055376a000 r--p 00173000 08:01 167331                     /usr/lib/python2.7/dist-packages/numpy/core/multiarray.x86_64-linux-gnu.so
7f055376a000-7f0553777000 rw-p 00175000 08:01 167331                     /usr/lib/python2.7/dist-packages/numpy/core/multiarray.x86_64-linux-gnu.so
7f0553777000-7f055378b000 rw-p 00000000 00:00 0 
7f055378b000-7f05537a2000 r-xp 00000000 08:01 269052                     /lib/x86_64-linux-gnu/libgcc_s.so.1
7f05537a2000-7f05539a1000 ---p 00017000 08:01 269052                     /lib/x86_64-linux-gnu/libgcc_s.so.1
7f05539a1000-7f05539a2000 r--p 00016000 08:01 269052                     /lib/x86_64-linux-gnu/libgcc_s.so.1
7f05539a2000-7f05539a3000 rw-p 00017000 08:01 269052                     /lib/x86_64-linux-gnu/libgcc_s.so.1
7f05539a3000-7f0553b21000 r-xp 00000000 08:01 144210                     /usr/lib/x86_64-linux-gnu/libstdc++.so.6.0.25
7f0553b21000-7f0553d21000 ---p 0017e000 08:01 144210                     /usr/lib/x86_64-linux-gnu/libstdc++.so.6.0.25
7f0553d21000-7f0553d2b000 r--p 0017e000 08:01 144210                     /usr/lib/x86_64-linux-gnu/libstdc++.so.6.0.25
7f0553d2b000-7f0553d2d000 rw-p 00188000 08:01 144210                     /usr/lib/x86_64-linux-gnu/libstdc++.so.6.0.25
7f0553d2d000-7f0553d31000 rw-p 00000000 00:00 0 
7f0553d31000-7f0553dac000 r-xp 00000000 08:01 171528                     /usr/lib/python2.7/dist-packages/_jpype.x86_64-linux-gnu.so
7f0553dac000-7f0553fab000 ---p 0007b000 08:01 171528                     /usr/lib/python2.7/dist-packages/_jpype.x86_64-linux-gnu.so
7f0553fab000-7f0553fad000 r--p 0007a000 08:01 171528                     /usr/lib/python2.7/dist-packages/_jpype.x86_64-linux-gnu.so
7f0553fad000-7f0553fb0000 rw-p 0007c000 08:01 171528                     /usr/lib/python2.7/dist-packages/_jpype.x86_64-linux-gnu.so
7f0553fb0000-7f055497f000 r--p 00000000 08:01 138950                     /usr/lib/locale/locale-archive
7f055497f000-7f0554b1c000 r-xp 00000000 08:01 269078                     /lib/x86_64-linux-gnu/libm-2.27.so
7f0554b1c000-7f0554d1b000 ---p 0019d000 08:01 269078                     /lib/x86_64-linux-gnu/libm-2.27.so
7f0554d1b000-7f0554d1c000 r--p 0019c000 08:01 269078                     /lib/x86_64-linux-gnu/libm-2.27.so
7f0554d1c000-7f0554d1d000 rw-p 0019d000 08:01 269078                     /lib/x86_64-linux-gnu/libm-2.27.so
7f0554d1d000-7f0554d39000 r-xp 00000000 08:01 269187                     /lib/x86_64-linux-gnu/libz.so.1.2.11
7f0554d39000-7f0554f38000 ---p 0001c000 08:01 269187                     /lib/x86_64-linux-gnu/libz.so.1.2.11
7f0554f38000-7f0554f39000 r--p 0001b000 08:01 269187                     /lib/x86_64-linux-gnu/libz.so.1.2.11
7f0554f39000-7f0554f3a000 rw-p 0001c000 08:01 269187                     /lib/x86_64-linux-gnu/libz.so.1.2.11
7f0554f3a000-7f0554f3c000 r-xp 00000000 08:01 269180                     /lib/x86_64-linux-gnu/libutil-2.27.so
7f0554f3c000-7f055513b000 ---p 00002000 08:01 269180                     /lib/x86_64-linux-gnu/libutil-2.27.so
7f055513b000-7f055513c000 r--p 00001000 08:01 269180                     /lib/x86_64-linux-gnu/libutil-2.27.so
7f055513c000-7f055513d000 rw-p 00002000 08:01 269180                     /lib/x86_64-linux-gnu/libutil-2.27.so
7f055513d000-7f0555140000 r-xp 00000000 08:01 269038                     /lib/x86_64-linux-gnu/libdl-2.27.so
7f0555140000-7f055533f000 ---p 00003000 08:01 269038                     /lib/x86_64-linux-gnu/libdl-2.27.so
7f055533f000-7f0555340000 r--p 00002000 08:01 269038                     /lib/x86_64-linux-gnu/libdl-2.27.so
7f0555340000-7f0555341000 rw-p 00003000 08:01 269038                     /lib/x86_64-linux-gnu/libdl-2.27.so
7f0555341000-7f055535b000 r-xp 00000000 08:01 269148                     /lib/x86_64-linux-gnu/libpthread-2.27.so
7f055535b000-7f055555a000 ---p 0001a000 08:01 269148                     /lib/x86_64-linux-gnu/libpthread-2.27.so
7f055555a000-7f055555b000 r--p 00019000 08:01 269148                     /lib/x86_64-linux-gnu/libpthread-2.27.so
7f055555b000-7f055555c000 rw-p 0001a000 08:01 269148                     /lib/x86_64-linux-gnu/libpthread-2.27.so
7f055555c000-7f0555560000 rw-p 00000000 00:00 0 
7f0555560000-7f0555747000 r-xp 00000000 08:01 269015                     /lib/x86_64-linux-gnu/libc-2.27.so
7f0555747000-7f0555947000 ---p 001e7000 08:01 269015                     /lib/x86_64-linux-gnu/libc-2.27.so
7f0555947000-7f055594b000 r--p 001e7000 08:01 269015                     /lib/x86_64-linux-gnu/libc-2.27.so
7f055594b000-7f055594d000 rw-p 001eb000 08:01 269015                     /lib/x86_64-linux-gnu/libc-2.27.so
7f055594d000-7f0555951000 rw-p 00000000 00:00 0 
7f0555951000-7f0555978000 r-xp 00000000 08:01 268987                     /lib/x86_64-linux-gnu/ld-2.27.so
7f05559ad000-7f0555a6d000 rw-p 00000000 00:00 0 
7f0555a92000-7f0555a97000 rw-p 00000000 00:00 0 
7f0555a97000-7f0555a9e000 ---p 00000000 00:00 0 
7f0555a9e000-7f0555b65000 rw-p 00000000 00:00 0 
7f0555b6c000-7f0555b6d000 rw-p 00000000 00:00 0 
7f0555b6d000-7f0555b75000 rw-s 00000000 08:01 5801                       /tmp/hsperfdata_hie-blockchain/27656
7f0555b75000-7f0555b76000 ---p 00000000 00:00 0 
7f0555b76000-7f0555b77000 r--p 00000000 00:00 0 
7f0555b77000-7f0555b78000 rwxp 00000000 00:00 0 
7f0555b78000-7f0555b79000 r--p 00027000 08:01 268987                     /lib/x86_64-linux-gnu/ld-2.27.so
7f0555b79000-7f0555b7a000 rw-p 00028000 08:01 268987                     /lib/x86_64-linux-gnu/ld-2.27.so
7f0555b7a000-7f0555b7b000 rw-p 00000000 00:00 0 
7ffdcdf97000-7ffdcdf9b000 ---p 00000000 00:00 0 
7ffdcdf9b000-7ffdce097000 rw-p 00000000 00:00 0                          [stack]
7ffdce0ef000-7ffdce0f2000 r--p 00000000 00:00 0                          [vvar]
7ffdce0f2000-7ffdce0f4000 r-xp 00000000 00:00 0                          [vdso]
ffffffffff600000-ffffffffff601000 r-xp 00000000 00:00 0                  [vsyscall]


VM Arguments:
java_command: <unknown>
java_class_path (initial): lib/commons-codec-1.5.jar:lib/core-0.1.4.jar:lib/netty-all-4.1.9.Final.jar:lib/slf4j-api-1.5.8.jar:lib/slf4j-jdk14-1.5.8.jar:bin/BFT-SMaRt.jar
Launcher Type: generic

Logging:
Log output configuration:
#0: stdout all=warning uptime,level,tags
#1: stderr all=off uptime,level,tags

Environment Variables:
PATH=/home/hie-blockchain/.local/bin:/usr/local/sbin:/usr/local/bin:/usr/sbin:/usr/bin:/sbin:/bin:/usr/games:/usr/local/games:/snap/bin
USERNAME=hie-blockchain
SHELL=/bin/bash
DISPLAY=:0

Signal Handlers:
SIGSEGV: [libjvm.so+0xd28ad0], sa_mask[0]=11111111011111111101111111111110, sa_flags=SA_RESTART|SA_SIGINFO
SIGBUS: [libjvm.so+0xd28ad0], sa_mask[0]=11111111011111111101111111111110, sa_flags=SA_RESTART|SA_SIGINFO
SIGFPE: [libjvm.so+0xd28ad0], sa_mask[0]=11111111011111111101111111111110, sa_flags=SA_RESTART|SA_SIGINFO
SIGPIPE: [libjvm.so+0xb2a150], sa_mask[0]=11111111011111111101111111111110, sa_flags=SA_RESTART|SA_SIGINFO
SIGXFSZ: [libjvm.so+0xb2a150], sa_mask[0]=11111111011111111101111111111110, sa_flags=SA_RESTART|SA_SIGINFO
SIGILL: [libjvm.so+0xd28ad0], sa_mask[0]=11111111011111111101111111111110, sa_flags=SA_RESTART|SA_SIGINFO
SIGUSR2: [libjvm.so+0xb29f90], sa_mask[0]=00000000000000000000000000000000, sa_flags=SA_RESTART|SA_SIGINFO
SIGHUP: [libjvm.so+0xb2a0e0], sa_mask[0]=11111111011111111101111111111110, sa_flags=SA_RESTART|SA_SIGINFO
SIGINT: [libjvm.so+0xb2a0e0], sa_mask[0]=11111111011111111101111111111110, sa_flags=SA_RESTART|SA_SIGINFO
SIGTERM: [libjvm.so+0xb2a0e0], sa_mask[0]=11111111011111111101111111111110, sa_flags=SA_RESTART|SA_SIGINFO
SIGQUIT: [libjvm.so+0xb2a0e0], sa_mask[0]=11111111011111111101111111111110, sa_flags=SA_RESTART|SA_SIGINFO


---------------  S Y S T E M  ---------------

OS:DISTRIB_ID=Ubuntu
DISTRIB_RELEASE=18.04
DISTRIB_CODENAME=bionic
DISTRIB_DESCRIPTION="Ubuntu 18.04.1 LTS"
uname:Linux 4.15.0-33-generic #36-Ubuntu SMP Wed Aug 15 16:00:05 UTC 2018 x86_64
libc:glibc 2.27 NPTL 2.27 
rlimit: STACK 8192k, CORE 0k, NPROC 15542, NOFILE 4096, AS infinity, DATA infinity, FSIZE infinity
load average:1.02 1.04 1.00

/proc/meminfo:
MemTotal:        4039360 kB
MemFree:          403920 kB
MemAvailable:    1225268 kB
Buffers:          106144 kB
Cached:           914596 kB
SwapCached:            0 kB
Active:          2680652 kB
Inactive:         675084 kB
Active(anon):    2186752 kB
Inactive(anon):   204220 kB
Active(file):     493900 kB
Inactive(file):   470864 kB
Unevictable:          16 kB
Mlocked:              16 kB
SwapTotal:        483800 kB
SwapFree:         483020 kB
Dirty:                36 kB
Writeback:             0 kB
AnonPages:       2335040 kB
Mapped:           461968 kB
Shmem:             55972 kB
Slab:             166160 kB
SReclaimable:     119324 kB
SUnreclaim:        46836 kB
KernelStack:       15056 kB
PageTables:        59232 kB
NFS_Unstable:          0 kB
Bounce:                0 kB
WritebackTmp:          0 kB
CommitLimit:     2503480 kB
Committed_AS:    9042684 kB
VmallocTotal:   34359738367 kB
VmallocUsed:           0 kB
VmallocChunk:          0 kB
HardwareCorrupted:     0 kB
AnonHugePages:         0 kB
ShmemHugePages:        0 kB
ShmemPmdMapped:        0 kB
CmaTotal:              0 kB
CmaFree:               0 kB
HugePages_Total:       0
HugePages_Free:        0
HugePages_Rsvd:        0
HugePages_Surp:        0
Hugepagesize:       2048 kB
DirectMap4k:      190400 kB
DirectMap2M:     4003840 kB

container (cgroup) information:
container_type: cgroupv1
cpu_cpuset_cpus: 0-2
cpu_memory_nodes: 0
active_processor_count: 3
cpu_quota: -1
cpu_period: 100000
cpu_shares: -1
memory_limit_in_bytes: -1
memory_and_swap_limit_in_bytes: -2
memory_soft_limit_in_bytes: -1
memory_usage_in_bytes: 3436539904
memory_max_usage_in_bytes: 0


CPU:total 3 (initial active 3) (3 cores per cpu, 1 threads per core) family 6 model 142 stepping 10, cmov, cx8, fxsr, mmx, sse, sse2, sse3, ssse3, sse4.1, sse4.2, popcnt, avx, avx2, aes, clmul, 3dnowpref, lzcnt, tsc, tscinvbit
CPU Model and flags from /proc/cpuinfo:
model name	: Intel(R) Core(TM) i7-8550U CPU @ 1.80GHz
flags		: fpu vme de pse tsc msr pae mce cx8 apic sep mtrr pge mca cmov pat pse36 clflush mmx fxsr sse sse2 ht syscall nx rdtscp lm constant_tsc rep_good nopl xtopology nonstop_tsc cpuid pni pclmulqdq ssse3 cx16 pcid sse4_1 sse4_2 x2apic movbe popcnt aes xsave avx rdrand hypervisor lahf_lm abm 3dnowprefetch invpcid_single pti fsgsbase avx2 invpcid rdseed clflushopt flush_l1d

Memory: 4k page, physical 4039360k(403920k free), swap 483800k(483020k free)

vm_info: OpenJDK 64-Bit Server VM (10.0.2+13-Ubuntu-1ubuntu0.18.04.2) for linux-amd64 JRE (10.0.2+13-Ubuntu-1ubuntu0.18.04.2), built on Aug 24 2018 17:36:24 by "buildd" with gcc 7.3.0

END.
